<?xml version="1.0" encoding="UTF-8"?>
<!-- Generated by org.testng.reporters.JUnitXMLReporter -->
<testsuite ignored="0" hostname="K_Anderson" failures="1" tests="12" name="chromeTest" time="121.059" errors="0" timestamp="2025-05-20T17:46:48 EDT">
  <testcase classname="testCases.TC01_LaunchApplication" name="testLaunchApplication" time="0.094"/>
  <testcase classname="testCases.TC03_AddToCart" name="testAddToCart" time="6.89"/>
  <testcase classname="testCases.TC05_AddToWishList" name="testAddToWishList" time="16.306">
    <skipped/>
  </testcase> <!-- testAddToWishList -->
  <testcase classname="testCases.TC05_AddToWishList" name="testAddToWishList" time="10.223">
    <skipped/>
  </testcase> <!-- testAddToWishList -->
  <testcase classname="testCases.TC05_AddToWishList" name="testAddToWishList" time="10.13">
    <failure type="java.lang.AssertionError" message="Test failed due to unexpected exception.">
      <![CDATA[java.lang.AssertionError: Test failed due to unexpected exception.
at testCases.TC05_AddToWishList.testAddToWishList(TC05_AddToWishList.java:68)
at java.base/java.util.ArrayList.forEach(ArrayList.java:1596)
at java.base/java.util.concurrent.FutureTask.run(FutureTask.java:317)
at java.base/java.util.concurrent.ThreadPoolExecutor.runWorker(ThreadPoolExecutor.java:1144)
at java.base/java.util.concurrent.ThreadPoolExecutor$Worker.run(ThreadPoolExecutor.java:642)
at java.base/java.lang.Thread.run(Thread.java:1583)
... Removed 16 stack frames]]>
    </failure>
  </testcase> <!-- testAddToWishList -->
  <testcase classname="testCases.TC06_AddAffiliate" name="testAddAffiliate" time="4.949"/>
  <testcase classname="testCases.TC02_Login" name="testLogin" time="5.267"/>
  <testcase classname="testCases.TC02_Login" name="testLogin" time="4.049"/>
  <testcase classname="testCases.TC02_Login" name="testLogin" time="3.447"/>
  <testcase classname="testCases.TC02_Login" name="testLogin" time="2.848"/>
  <testcase classname="testCases.TC02_Login" name="testLogin" time="2.8"/>
  <testcase classname="testCases.TC04_CompletePurchase" name="testCompletePurchase" time="14.385"/>
</testsuite> <!-- chromeTest -->
