<?xml version="1.0" encoding="UTF-8"?>
<!-- Generated by org.testng.reporters.JUnitXMLReporter -->
<testsuite ignored="0" hostname="K_Anderson" failures="1" tests="12" name="firefoxTest" time="137.666" errors="0" timestamp="2025-05-20T17:47:01 EDT">
  <testcase classname="testCases.TC01_LaunchApplication" name="testLaunchApplication" time="0.029"/>
  <testcase classname="testCases.TC03_AddToCart" name="testAddToCart" time="5.973"/>
  <testcase classname="testCases.TC05_AddToWishList" name="testAddToWishList" time="4.636">
    <skipped/>
  </testcase> <!-- testAddToWishList -->
  <testcase classname="testCases.TC05_AddToWishList" name="testAddToWishList" time="10.258">
    <skipped/>
  </testcase> <!-- testAddToWishList -->
  <testcase classname="testCases.TC05_AddToWishList" name="testAddToWishList" time="10.266">
    <failure type="java.lang.AssertionError" message="Test failed due to unexpected exception.">
      <![CDATA[java.lang.AssertionError: Test failed due to unexpected exception.
at testCases.TC05_AddToWishList.testAddToWishList(TC05_AddToWishList.java:68)
at java.base/java.util.ArrayList.forEach(ArrayList.java:1596)
at java.base/java.util.concurrent.FutureTask.run(FutureTask.java:317)
at java.base/java.util.concurrent.ThreadPoolExecutor.runWorker(ThreadPoolExecutor.java:1144)
at java.base/java.util.concurrent.ThreadPoolExecutor$Worker.run(ThreadPoolExecutor.java:642)
at java.base/java.lang.Thread.run(Thread.java:1583)
... Removed 16 stack frames]]>
    </failure>
  </testcase> <!-- testAddToWishList -->
  <testcase classname="testCases.TC06_AddAffiliate" name="testAddAffiliate" time="6.781"/>
  <testcase classname="testCases.TC02_Login" name="testLogin" time="3.627"/>
  <testcase classname="testCases.TC02_Login" name="testLogin" time="3.347"/>
  <testcase classname="testCases.TC02_Login" name="testLogin" time="2.261"/>
  <testcase classname="testCases.TC02_Login" name="testLogin" time="2.338"/>
  <testcase classname="testCases.TC02_Login" name="testLogin" time="2.35"/>
  <testcase classname="testCases.TC04_CompletePurchase" name="testCompletePurchase" time="9.947"/>
</testsuite> <!-- firefoxTest -->
